0 info it worked if it ends with ok
1 verbose cli [ '/usr/local/Cellar/node/4.1.0/bin/node',
1 verbose cli   '/usr/local/bin/npm',
1 verbose cli   'publish' ]
2 info using npm@2.14.4
3 info using node@v4.1.0
4 verbose publish [ '.' ]
5 silly cache add args [ '.', null ]
6 verbose cache add spec .
7 silly cache add parsed spec Result {
7 silly cache add   raw: '.',
7 silly cache add   scope: null,
7 silly cache add   name: null,
7 silly cache add   rawSpec: '.',
7 silly cache add   spec: '/Users/schwyz/Sites/angular-global-alerts',
7 silly cache add   type: 'directory' }
8 verbose addLocalDirectory /Users/schwyz/.npm/angular-global-alerts/0.0.4/package.tgz not in flight; packing
9 verbose tar pack [ '/Users/schwyz/.npm/angular-global-alerts/0.0.4/package.tgz',
9 verbose tar pack   '/Users/schwyz/Sites/angular-global-alerts' ]
10 verbose tarball /Users/schwyz/.npm/angular-global-alerts/0.0.4/package.tgz
11 verbose folder /Users/schwyz/Sites/angular-global-alerts
12 info prepublish angular-global-alerts@0.0.4
13 verbose addLocalTarball adding from inside cache /Users/schwyz/.npm/angular-global-alerts/0.0.4/package.tgz
14 silly cache afterAdd angular-global-alerts@0.0.4
15 verbose afterAdd /Users/schwyz/.npm/angular-global-alerts/0.0.4/package/package.json not in flight; writing
16 verbose afterAdd /Users/schwyz/.npm/angular-global-alerts/0.0.4/package/package.json written
17 silly publish { name: 'angular-global-alerts',
17 silly publish   version: '0.0.4',
17 silly publish   description: 'Basic gobal alerts system',
17 silly publish   main: 'index.js',
17 silly publish   scripts: { test: 'echo "Error: no test specified" && exit 1' },
17 silly publish   repository:
17 silly publish    { type: 'git',
17 silly publish      url: 'git+https://github.com/paulstefanday/angular-global-alerts.git' },
17 silly publish   keywords: [ 'Angular', 'Alert' ],
17 silly publish   author:
17 silly publish    { name: 'Paul Day',
17 silly publish      email: 'paul@paulday.com.au',
17 silly publish      url: 'http://paulday.com.au' },
17 silly publish   license: 'MIT',
17 silly publish   bugs: { url: 'https://github.com/paulstefanday/angular-global-alerts/issues' },
17 silly publish   homepage: 'https://github.com/paulstefanday/angular-global-alerts',
17 silly publish   dependencies:
17 silly publish    { angular: '^1.3.16',
17 silly publish      'angular-animate': '^1.3.16',
17 silly publish      'angular-flash-alert': '^1.1.0' },
17 silly publish   gitHead: 'fbfc1ea9bffb2bd3a7c6fccb2b6e02201c6b15f3',
17 silly publish   _id: 'angular-global-alerts@0.0.4',
17 silly publish   _shasum: '14e465d9767f9f619f182aa4f68e78485a94f0b2',
17 silly publish   _from: '.',
17 silly publish   _npmVersion: '2.7.4',
17 silly publish   _nodeVersion: '0.12.2',
17 silly publish   _npmUser: { name: 'paulstefanday', email: 'paul@paulday.com.au' },
17 silly publish   dist:
17 silly publish    { shasum: '9690832ad5ab4c60abf0a2f074515018639d2338',
17 silly publish      tarball: 'http://registry.npmjs.org/angular-global-alerts/-/angular-global-alerts-0.0.4.tgz' },
17 silly publish   maintainers: [ { name: 'paulstefanday', email: 'paul@paulday.com.au' } ],
17 silly publish   directories: {},
17 silly publish   _resolved: 'https://registry.npmjs.org/angular-global-alerts/-/angular-global-alerts-0.0.4.tgz',
17 silly publish   readme: '# angular-global-alerts\nA global alert system for angular apps using webpack. Import using webpack with babel and less loaders installed. package.json example included in example folder.\n\n# Description\nAny http errors create an alert in the top right corner. Default message is \'An error has occured.\' or if the http request returned data, format json as { message: \'error message here.\' }.\n\n# Usage\n\nInstall:\n```\nnpm install angular-global-alerts --save\n```\n\nAngular code:\n```\nangular.module(\'app\', [ require(\'angular-global-alerts\') ])\n```\n\nHTML code anywhere inside app:\n```\n<div flash-message="5000" ></div>  \n```\n\nThen do an $http call that fails and see an alert appear.\n\n# Example\n1. cd example\n2. sudo npm install\n3. npm start\n4. view http://localhost:1337',
17 silly publish   readmeFilename: 'README.md' }
18 verbose getPublishConfig undefined
19 silly mapToRegistry name angular-global-alerts
20 silly mapToRegistry using default registry
21 silly mapToRegistry registry https://registry.npmjs.org/
22 silly mapToRegistry uri https://registry.npmjs.org/angular-global-alerts
23 verbose publish registryBase https://registry.npmjs.org/
24 silly publish uploading /Users/schwyz/.npm/angular-global-alerts/0.0.4/package.tgz
25 verbose request uri https://registry.npmjs.org/angular-global-alerts
26 verbose request sending authorization for write operation
27 info attempt registry request try #1 at 11:01:25
28 verbose request using bearer token for auth
29 verbose request id 3b33d782a6342f83
30 http request PUT https://registry.npmjs.org/angular-global-alerts
31 http 403 https://registry.npmjs.org/angular-global-alerts
32 verbose headers { 'content-type': 'application/json',
32 verbose headers   'cache-control': 'max-age=60',
32 verbose headers   'content-length': '95',
32 verbose headers   'accept-ranges': 'bytes',
32 verbose headers   date: 'Tue, 29 Sep 2015 01:01:26 GMT',
32 verbose headers   via: '1.1 varnish',
32 verbose headers   connection: 'keep-alive',
32 verbose headers   'x-served-by': 'cache-syd1627-SYD',
32 verbose headers   'x-cache': 'MISS',
32 verbose headers   'x-cache-hits': '0',
32 verbose headers   'x-timer': 'S1443488486.141964,VS0,VE758' }
33 verbose request invalidating /Users/schwyz/.npm/registry.npmjs.org/angular-global-alerts on PUT
34 error publish Failed PUT 403
35 verbose stack Error: "You cannot publish over the previously published version 0.0.4." : angular-global-alerts
35 verbose stack     at makeError (/usr/local/lib/node_modules/npm/node_modules/npm-registry-client/lib/request.js:263:12)
35 verbose stack     at CachingRegistryClient.<anonymous> (/usr/local/lib/node_modules/npm/node_modules/npm-registry-client/lib/request.js:251:14)
35 verbose stack     at Request._callback (/usr/local/lib/node_modules/npm/node_modules/npm-registry-client/lib/request.js:171:14)
35 verbose stack     at Request.self.callback (/usr/local/lib/node_modules/npm/node_modules/request/request.js:198:22)
35 verbose stack     at emitTwo (events.js:87:13)
35 verbose stack     at Request.emit (events.js:172:7)
35 verbose stack     at Request.<anonymous> (/usr/local/lib/node_modules/npm/node_modules/request/request.js:1073:14)
35 verbose stack     at emitOne (events.js:82:20)
35 verbose stack     at Request.emit (events.js:169:7)
35 verbose stack     at IncomingMessage.<anonymous> (/usr/local/lib/node_modules/npm/node_modules/request/request.js:1019:12)
36 verbose statusCode 403
37 verbose pkgid angular-global-alerts
38 verbose cwd /Users/schwyz/Sites/angular-global-alerts
39 error Darwin 14.5.0
40 error argv "/usr/local/Cellar/node/4.1.0/bin/node" "/usr/local/bin/npm" "publish"
41 error node v4.1.0
42 error npm  v2.14.4
43 error code E403
44 error "You cannot publish over the previously published version 0.0.4." : angular-global-alerts
45 error If you need help, you may report this error at:
45 error     <https://github.com/npm/npm/issues>
46 verbose exit [ 1, true ]
